<?xml version="1.0" encoding="UTF-8"?>
<!-- Generated by org.testng.reporters.JUnitXMLReporter -->
<testsuite ignored="0" hostname="LAPTOP-F3ENBHRG" failures="0" tests="10" name="Default test" time="0.35" errors="0" timestamp="2023-10-19T17:24:19 EDT">
  <testcase classname="UtilityPackage.Utility" name="@BeforeClass beforeClass" time="-1.697750658806E9">
    <failure type="org.testng.TestNGException" message="
Parameter &amp;apos;browser&amp;apos; is required by BeforeClass on method beforeClass but has not been marked @Optional or defined
in C:\Users\shanu\AppData\Local\Temp\testng-eclipse--2086406042\testng-customsuite.xml">
      <![CDATA[org.testng.TestNGException: 
Parameter 'browser' is required by BeforeClass on method beforeClass but has not been marked @Optional or defined
in C:\Users\shanu\AppData\Local\Temp\testng-eclipse--2086406042\testng-customsuite.xml
at org.testng.internal.Parameters.createParams(Parameters.java:267)
at org.testng.internal.Parameters.createParametersForMethod(Parameters.java:355)
at org.testng.internal.Parameters.createParameters(Parameters.java:684)
at org.testng.internal.Parameters.createConfigurationParameters(Parameters.java:166)
at org.testng.internal.invokers.ConfigInvoker.invokeConfigurations(ConfigInvoker.java:306)
at org.testng.internal.invokers.TestMethodWorker.invokeBeforeClassMethods(TestMethodWorker.java:180)
at org.testng.internal.invokers.TestMethodWorker.run(TestMethodWorker.java:122)
at java.base/java.util.ArrayList.forEach(ArrayList.java:1511)
at org.testng.TestRunner.privateRun(TestRunner.java:848)
at org.testng.TestRunner.run(TestRunner.java:621)
at org.testng.SuiteRunner.runTest(SuiteRunner.java:443)
at org.testng.SuiteRunner.runSequentially(SuiteRunner.java:437)
at org.testng.SuiteRunner.privateRun(SuiteRunner.java:397)
at org.testng.SuiteRunner.run(SuiteRunner.java:336)
at org.testng.SuiteRunnerWorker.runSuite(SuiteRunnerWorker.java:52)
at org.testng.SuiteRunnerWorker.run(SuiteRunnerWorker.java:95)
at org.testng.TestNG.runSuitesSequentially(TestNG.java:1280)
at org.testng.TestNG.runSuitesLocally(TestNG.java:1200)
at org.testng.TestNG.runSuites(TestNG.java:1114)
at org.testng.TestNG.run(TestNG.java:1082)
at org.testng.remote.AbstractRemoteTestNG.run(AbstractRemoteTestNG.java:115)
at org.testng.remote.RemoteTestNG.initAndRun(RemoteTestNG.java:251)
at org.testng.remote.RemoteTestNG.main(RemoteTestNG.java:77)
]]>
    </failure>
  </testcase> <!-- @BeforeClass beforeClass -->
  <testcase classname="UtilityPackage.Utility" name="@AfterClass afterClass" time="0.0">
    <skipped/>
  </testcase> <!-- @AfterClass afterClass -->
  <testcase classname="TestNG.Search_FeatureTest" name="Validate_Search_button_functional" time="0.0">
    <skipped/>
  </testcase> <!-- Validate_Search_button_functional -->
  <testcase classname="TestNG.Search_FeatureTest" name="ValidateProducts_meeting_the_search_criteria_IsPresent" time="0.0">
    <skipped/>
  </testcase> <!-- ValidateProducts_meeting_the_search_criteria_IsPresent -->
  <testcase classname="TestNG.Search_FeatureTest" name="ValidateInput_withLeading_and_TrailingSpaces" time="0.0">
    <skipped/>
  </testcase> <!-- ValidateInput_withLeading_and_TrailingSpaces -->
  <testcase classname="TestNG.Search_FeatureTest" name="Validate_SearchInSubcategories_is_clickable" time="0.0">
    <skipped/>
  </testcase> <!-- Validate_SearchInSubcategories_is_clickable -->
  <testcase classname="TestNG.Search_FeatureTest" name="Assert_Sort_option" time="0.0">
    <skipped/>
  </testcase> <!-- Assert_Sort_option -->
  <testcase classname="TestNG.Search_FeatureTest" name="Validate_feature_returns_Accurate_Relevant_Results" time="0.0">
    <skipped/>
  </testcase> <!-- Validate_feature_returns_Accurate_Relevant_Results -->
  <testcase classname="TestNG.Search_FeatureTest" name="ValidateSearch_with_SearchInProductDescriptions" time="0.0">
    <skipped/>
  </testcase> <!-- ValidateSearch_with_SearchInProductDescriptions -->
  <testcase classname="TestNG.Search_FeatureTest" name="Validate_Search_without_SearchInProductDescriptions" time="0.0">
    <skipped/>
  </testcase> <!-- Validate_Search_without_SearchInProductDescriptions -->
  <testcase classname="TestNG.Search_FeatureTest" name="Assert_Empty_search_query" time="0.0">
    <skipped/>
  </testcase> <!-- Assert_Empty_search_query -->
  <testcase classname="TestNG.Search_FeatureTest" name="Validate_Pagination" time="0.0">
    <skipped/>
  </testcase> <!-- Validate_Pagination -->
</testsuite> <!-- Default test -->
